Построение начато 25.12.2017 19:41:41.
     1>Проект "E:\Лабораторные работы\Методы оптимизации\Лабораторная работа №1\Лабораторная работа №1\Лабораторная работа №1.vcxproj" в узле 2 (целевые объекты build).
     1>InitializeBuildStatus:
         Создание "Debug\Лабораторная работа №1.unsuccessfulbuild", так как было задано "AlwaysCreate".
       ClCompile:
         C:\Program Files (x86)\Microsoft Visual Studio 10.0\VC\bin\CL.exe /c /ZI /nologo /W3 /WX- /Od /Oy- /D _UNICODE /D UNICODE /Gm /EHsc /RTC1 /MDd /GS /fp:precise /Zc:wchar_t /Zc:forScope /Fo"Debug\\" /Fd"Debug\vc100.pdb" /Gd /TP /analyze- /errorReport:prompt Fib_metod.cpp Gold_div_metod.cpp Half_div_metod.cpp funk.cpp main.cpp
         funk.cpp
         Создание кода...
         Компиляция...
         Fib_metod.cpp
     1>e:\лабораторные работы\методы оптимизации\лабораторная работа №1\лабораторная работа №1\fib_metod.cpp(21): warning C4244: аргумент: преобразование "double" в "float", возможна потеря данных
     1>e:\лабораторные работы\методы оптимизации\лабораторная работа №1\лабораторная работа №1\fib_metod.cpp(22): warning C4244: аргумент: преобразование "double" в "float", возможна потеря данных
     1>e:\лабораторные работы\методы оптимизации\лабораторная работа №1\лабораторная работа №1\fib_metod.cpp(27): warning C4244: аргумент: преобразование "double" в "float", возможна потеря данных
     1>e:\лабораторные работы\методы оптимизации\лабораторная работа №1\лабораторная работа №1\fib_metod.cpp(27): warning C4244: аргумент: преобразование "double" в "float", возможна потеря данных
     1>e:\лабораторные работы\методы оптимизации\лабораторная работа №1\лабораторная работа №1\fib_metod.cpp(36): warning C4244: аргумент: преобразование "double" в "float", возможна потеря данных
     1>e:\лабораторные работы\методы оптимизации\лабораторная работа №1\лабораторная работа №1\fib_metod.cpp(46): warning C4244: аргумент: преобразование "double" в "float", возможна потеря данных
     1>e:\лабораторные работы\методы оптимизации\лабораторная работа №1\лабораторная работа №1\fib_metod.cpp(49): warning C4244: аргумент: преобразование "double" в "float", возможна потеря данных
         Создание кода...
         Компиляция...
         main.cpp
         Half_div_metod.cpp
     1>e:\лабораторные работы\методы оптимизации\лабораторная работа №1\лабораторная работа №1\half_div_metod.cpp(15): warning C4244: аргумент: преобразование "double" в "float", возможна потеря данных
     1>e:\лабораторные работы\методы оптимизации\лабораторная работа №1\лабораторная работа №1\half_div_metod.cpp(15): warning C4244: аргумент: преобразование "double" в "float", возможна потеря данных
     1>e:\лабораторные работы\методы оптимизации\лабораторная работа №1\лабораторная работа №1\half_div_metod.cpp(16): warning C4244: аргумент: преобразование "double" в "float", возможна потеря данных
     1>e:\лабораторные работы\методы оптимизации\лабораторная работа №1\лабораторная работа №1\half_div_metod.cpp(16): warning C4244: аргумент: преобразование "double" в "float", возможна потеря данных
     1>e:\лабораторные работы\методы оптимизации\лабораторная работа №1\лабораторная работа №1\half_div_metod.cpp(22): warning C4244: аргумент: преобразование "double" в "float", возможна потеря данных
     1>e:\лабораторные работы\методы оптимизации\лабораторная работа №1\лабораторная работа №1\half_div_metod.cpp(22): warning C4244: аргумент: преобразование "double" в "float", возможна потеря данных
     1>e:\лабораторные работы\методы оптимизации\лабораторная работа №1\лабораторная работа №1\half_div_metod.cpp(29): warning C4244: аргумент: преобразование "double" в "float", возможна потеря данных
         Gold_div_metod.cpp
     1>e:\лабораторные работы\методы оптимизации\лабораторная работа №1\лабораторная работа №1\gold_div_metod.cpp(11): warning C4244: аргумент: преобразование "double" в "float", возможна потеря данных
     1>e:\лабораторные работы\методы оптимизации\лабораторная работа №1\лабораторная работа №1\gold_div_metod.cpp(12): warning C4244: аргумент: преобразование "double" в "float", возможна потеря данных
     1>e:\лабораторные работы\методы оптимизации\лабораторная работа №1\лабораторная работа №1\gold_div_metod.cpp(17): warning C4244: аргумент: преобразование "double" в "float", возможна потеря данных
     1>e:\лабораторные работы\методы оптимизации\лабораторная работа №1\лабораторная работа №1\gold_div_metod.cpp(17): warning C4244: аргумент: преобразование "double" в "float", возможна потеря данных
     1>e:\лабораторные работы\методы оптимизации\лабораторная работа №1\лабораторная работа №1\gold_div_metod.cpp(25): warning C4244: аргумент: преобразование "double" в "float", возможна потеря данных
     1>e:\лабораторные работы\методы оптимизации\лабораторная работа №1\лабораторная работа №1\gold_div_metod.cpp(34): warning C4244: аргумент: преобразование "double" в "float", возможна потеря данных
     1>e:\лабораторные работы\методы оптимизации\лабораторная работа №1\лабораторная работа №1\gold_div_metod.cpp(38): warning C4244: аргумент: преобразование "double" в "float", возможна потеря данных
         Создание кода...
       Link:
         C:\Program Files (x86)\Microsoft Visual Studio 10.0\VC\bin\link.exe /ERRORREPORT:PROMPT /OUT:"E:\Лабораторные работы\Методы оптимизации\Лабораторная работа №1\Debug\Лабораторная работа №1.exe" /NOLOGO kernel32.lib user32.lib gdi32.lib winspool.lib comdlg32.lib advapi32.lib shell32.lib ole32.lib oleaut32.lib uuid.lib odbc32.lib odbccp32.lib /MANIFEST /ManifestFile:"Debug\Лабораторная работа №1.exe.intermediate.manifest" /MANIFESTUAC:"level='asInvoker' uiAccess='false'" /DEBUG /PDB:"E:\Лабораторные работы\Методы оптимизации\Лабораторная работа №1\Debug\Лабораторная работа №1.pdb" /TLBID:1 /DYNAMICBASE /NXCOMPAT /IMPLIB:"E:\Лабораторные работы\Методы оптимизации\Лабораторная работа №1\Debug\Лабораторная работа №1.lib" /MACHINE:X86 Debug\Fib_metod.obj
         Debug\funk.obj
         Debug\Gold_div_metod.obj
         Debug\Half_div_metod.obj
         Debug\main.obj
         LINK : не найден или не выполнена сборка E:\Лабораторные работы\Методы оптимизации\Лабораторная работа №1\Debug\Лабораторная работа №1.exe при последней инкрементной компоновке; выполняется полная компоновка
         Лабораторная работа №1.vcxproj -> E:\Лабораторные работы\Методы оптимизации\Лабораторная работа №1\Debug\Лабораторная работа №1.exe
       Manifest:
         C:\Program Files (x86)\Microsoft SDKs\Windows\v7.0A\bin\mt.exe /nologo /verbose /outputresource:"E:\Лабораторные работы\Методы оптимизации\Лабораторная работа №1\Debug\Лабораторная работа №1.exe;#1" /manifest "Debug\Лабораторная работа №1.exe.intermediate.manifest"
       FinalizeBuildStatus:
         Файл "Debug\Лабораторная работа №1.unsuccessfulbuild" удаляется.
         Обращение к "Debug\Лабораторная работа №1.lastbuildstate".
     1>Построение проекта "E:\Лабораторные работы\Методы оптимизации\Лабораторная работа №1\Лабораторная работа №1\Лабораторная работа №1.vcxproj" завершено (целевые объекты build).

Построение успешно завершено.

Затраченное время: 00:00:04.35
